<?xml version="1.0" encoding="UTF-8"?>
<!-- Generated by org.testng.reporters.JUnitXMLReporter -->
<testsuite ignored="0" hostname="DESKTOP-1QASA0A" failures="2" tests="23" name="Different testng feature test" time="112.533" errors="0" timestamp="2020-03-28T11:32:46 IST">
  <testcase classname="com.test.GoogleTest" name="googleTitleTest" time="0.062">
    <failure type="java.lang.AssertionError" message="title is not matched expected [Google123] but found [Google]">
      <![CDATA[java.lang.AssertionError: title is not matched expected [Google123] but found [Google]
at com.test.GoogleTest.googleTitleTest(GoogleTest.java:36)
at java.base/java.util.ArrayList.forEach(ArrayList.java:1510)
... Removed 31 stack frames]]>
    </failure>
  </testcase> <!-- googleTitleTest -->
  <testcase classname="com.test.GoogleTest" name="googleLogoTest" time="0.248"/>
  <testcase classname="com.test.GoogleTest" name="gmailLinkTest" time="0.153"/>
  <testcase classname="com.test.GoogleTest" name="test1" time="0.003"/>
  <testcase classname="com.test.GoogleTest" name="test2" time="0.004"/>
  <testcase classname="com.test.GoogleTest" name="test3" time="0.004"/>
  <testcase classname="com.test.InvocationCountTest" name="sum" time="0.004"/>
  <testcase classname="com.test.InvocationCountTest" name="sum" time="0.005"/>
  <testcase classname="com.test.InvocationCountTest" name="sum" time="0.005"/>
  <testcase classname="com.test.InvocationCountTest" name="sum" time="0.004"/>
  <testcase classname="com.test.InvocationCountTest" name="sum" time="0.013"/>
  <testcase classname="com.test.InvocationCountTest" name="sum" time="0.013"/>
  <testcase classname="com.test.InvocationCountTest" name="sum" time="0.011"/>
  <testcase classname="com.test.InvocationCountTest" name="sum" time="0.009"/>
  <testcase classname="com.test.InvocationCountTest" name="sum" time="0.006"/>
  <testcase classname="com.test.InvocationCountTest" name="sum" time="0.007"/>
  <testcase classname="com.test.TestNgBasics" name="googleTitleTest" time="0.003"/>
  <testcase classname="com.test.TestNgBasics" name="googleLogoTest" time="0.003"/>
  <testcase classname="com.test.TestNgBasics" name="searchTest" time="0.003"/>
  <testcase classname="com.test.TestNgFeatures" name="loginTest" time="0.004">
    <failure type="java.lang.ArithmeticException" message="/ by zero">
      <![CDATA[java.lang.ArithmeticException: / by zero
at com.test.TestNgFeatures.loginTest(TestNgFeatures.java:10)
at java.base/java.util.ArrayList.forEach(ArrayList.java:1510)
... Removed 27 stack frames]]>
    </failure>
  </testcase> <!-- loginTest -->
  <testcase classname="com.test.TestNgFeatures" name="homePageTest" time="0.0">
    <skipped/>
  </testcase> <!-- homePageTest -->
  <testcase classname="com.test.TestNgFeatures" name="regPageTest" time="0.0">
    <skipped/>
  </testcase> <!-- regPageTest -->
  <testcase classname="com.test.TestNgFeatures" name="searchPageTest" time="0.0">
    <skipped/>
  </testcase> <!-- searchPageTest -->
</testsuite> <!-- Different testng feature test -->
